<?xml version="1.0" encoding="UTF-8"?>
<!-- Generated by org.testng.reporters.JUnitReportReporter -->
<testsuite skipped="0" hostname="LAPTOP-G3SL86T0" name="com.hrms.testcases.LoginTest" tests="3" failures="0" timestamp="2020-09-10T17:02:01 PDT" time="35.498" errors="0">
  <testcase name="multipleInvalidLogin" time="8.590" classname="com.hrms.testcases.LoginTest"/>
  <system-out/>
  <testcase name="multipleInvalidLogin" time="9.341" classname="com.hrms.testcases.LoginTest"/>
  <system-out/>
  <testcase name="multipleInvalidLogin" time="17.567" classname="com.hrms.testcases.LoginTest"/>
  <system-out/>
</testsuite> <!-- com.hrms.testcases.LoginTest -->
